Tue Oct 16 2018 13:04:34 GMT+0530 (India Standard Time) : GET /
Tue Oct 16 2018 13:19:44 GMT+0530 (India Standard Time) : GET /
Tue Oct 16 2018 13:19:46 GMT+0530 (India Standard Time) : GET /favicon.ico
Tue Oct 16 2018 13:19:55 GMT+0530 (India Standard Time) : GET /bad
Tue Oct 16 2018 13:19:55 GMT+0530 (India Standard Time) : GET /favicon.ico
Tue Oct 16 2018 13:20:02 GMT+0530 (India Standard Time) : GET /about
Tue Oct 16 2018 13:20:02 GMT+0530 (India Standard Time) : GET /favicon.ico
Tue Oct 16 2018 13:20:08 GMT+0530 (India Standard Time) : GET /help
Tue Oct 16 2018 13:20:08 GMT+0530 (India Standard Time) : GET /favicon.ico
Tue Oct 16 2018 13:20:15 GMT+0530 (India Standard Time) : GET /favicon.ico
Mon Jan 07 2019 16:26:25 GMT+0530 (India Standard Time) : GET /help
Mon Jan 07 2019 16:26:27 GMT+0530 (India Standard Time) : GET /favicon.ico
Mon Jan 07 2019 16:27:04 GMT+0530 (India Standard Time) : GET /about
Mon Jan 07 2019 16:27:11 GMT+0530 (India Standard Time) : GET /
Mon Jan 07 2019 16:27:13 GMT+0530 (India Standard Time) : GET /
Mon Jan 07 2019 16:27:24 GMT+0530 (India Standard Time) : GET /about
Mon Jan 07 2019 16:28:13 GMT+0530 (India Standard Time) : GET /about
Mon Jan 07 2019 16:28:20 GMT+0530 (India Standard Time) : GET /
Mon Jan 07 2019 16:28:49 GMT+0530 (India Standard Time) : GET /
Mon Jan 07 2019 16:28:51 GMT+0530 (India Standard Time) : GET /
Mon Jan 07 2019 16:28:51 GMT+0530 (India Standard Time) : GET /
Mon Jan 07 2019 16:28:51 GMT+0530 (India Standard Time) : GET /
Mon Jan 07 2019 16:28:52 GMT+0530 (India Standard Time) : GET /
Mon Jan 07 2019 16:28:52 GMT+0530 (India Standard Time) : GET /
Mon Jan 07 2019 16:28:58 GMT+0530 (India Standard Time) : GET /about
Mon Jan 07 2019 16:39:49 GMT+0530 (India Standard Time) : GET /
Mon Jan 07 2019 16:40:32 GMT+0530 (India Standard Time) : GET /
Mon Jan 07 2019 16:40:32 GMT+0530 (India Standard Time) : GET /football.jpg
Mon Jan 07 2019 16:42:09 GMT+0530 (India Standard Time) : GET /
Mon Jan 07 2019 16:42:09 GMT+0530 (India Standard Time) : GET /football.jpg
Mon Jan 07 2019 16:44:22 GMT+0530 (India Standard Time) : GET /
Mon Jan 07 2019 16:44:22 GMT+0530 (India Standard Time) : GET /football.jpg
Mon Jan 07 2019 16:46:41 GMT+0530 (India Standard Time) : GET /
Mon Jan 07 2019 16:46:41 GMT+0530 (India Standard Time) : GET /football.jpg
Mon Jan 07 2019 16:46:43 GMT+0530 (India Standard Time) : GET /
Mon Jan 07 2019 16:46:43 GMT+0530 (India Standard Time) : GET /football.jpg
Mon Jan 07 2019 16:47:19 GMT+0530 (India Standard Time) : GET /
Mon Jan 07 2019 16:47:19 GMT+0530 (India Standard Time) : GET /football.jpg
Mon Jan 07 2019 16:50:22 GMT+0530 (India Standard Time) : GET /
Mon Jan 07 2019 17:14:41 GMT+0530 (India Standard Time) : GET /about
Mon Jan 07 2019 17:14:41 GMT+0530 (India Standard Time) : GET /
Mon Jan 07 2019 17:14:41 GMT+0530 (India Standard Time) : GET /
Mon Jan 07 2019 17:14:55 GMT+0530 (India Standard Time) : GET /
Mon Jan 07 2019 17:14:55 GMT+0530 (India Standard Time) : GET /images/football.jpg
Mon Jan 07 2019 17:14:57 GMT+0530 (India Standard Time) : GET /
Mon Jan 07 2019 17:14:57 GMT+0530 (India Standard Time) : GET /images/football.jpg
Mon Jan 07 2019 17:17:51 GMT+0530 (India Standard Time) : GET /
Mon Jan 07 2019 17:17:51 GMT+0530 (India Standard Time) : GET /images/football.jpg
Mon Jan 07 2019 17:23:43 GMT+0530 (India Standard Time) : GET /
Mon Jan 07 2019 17:23:43 GMT+0530 (India Standard Time) : GET /images/football.jpg
Mon Jan 07 2019 17:26:00 GMT+0530 (India Standard Time) : GET /
Mon Jan 07 2019 17:26:00 GMT+0530 (India Standard Time) : GET /images/football.JPG
Mon Jan 07 2019 17:30:00 GMT+0530 (India Standard Time) : GET /
Mon Jan 07 2019 17:30:00 GMT+0530 (India Standard Time) : GET /images/football.png
Mon Jan 07 2019 17:33:15 GMT+0530 (India Standard Time) : GET /
Mon Jan 07 2019 17:33:15 GMT+0530 (India Standard Time) : GET /images/sports.jpg
Mon Jan 07 2019 17:33:16 GMT+0530 (India Standard Time) : GET /
Mon Jan 07 2019 17:33:16 GMT+0530 (India Standard Time) : GET /images/sports.jpg
Mon Jan 07 2019 17:33:16 GMT+0530 (India Standard Time) : GET /
Mon Jan 07 2019 17:33:16 GMT+0530 (India Standard Time) : GET /images/sports.jpg
Mon Jan 07 2019 17:33:16 GMT+0530 (India Standard Time) : GET /
Mon Jan 07 2019 17:33:16 GMT+0530 (India Standard Time) : GET /images/sports.jpg
Mon Jan 07 2019 17:33:58 GMT+0530 (India Standard Time) : GET /
Mon Jan 07 2019 17:33:58 GMT+0530 (India Standard Time) : GET /images/sports.jpg
Tue Jan 08 2019 14:43:29 GMT+0530 (India Standard Time) : GET /
Tue Jan 08 2019 14:43:31 GMT+0530 (India Standard Time) : GET /home.css
Tue Jan 08 2019 14:43:32 GMT+0530 (India Standard Time) : GET /football.jpg
Tue Jan 08 2019 14:43:45 GMT+0530 (India Standard Time) : GET /slj
Tue Jan 08 2019 14:45:56 GMT+0530 (India Standard Time) : GET /
Tue Jan 08 2019 14:45:56 GMT+0530 (India Standard Time) : GET /home.css
Tue Jan 08 2019 14:45:56 GMT+0530 (India Standard Time) : GET /football.jpg
Tue Jan 08 2019 16:41:10 GMT+0530 (India Standard Time) : GET /slj
Tue Jan 08 2019 16:42:57 GMT+0530 (India Standard Time) : GET /about
Tue Jan 08 2019 16:42:59 GMT+0530 (India Standard Time) : GET /about.css
Tue Jan 08 2019 17:05:19 GMT+0530 (India Standard Time) : GET /
Tue Jan 08 2019 17:05:20 GMT+0530 (India Standard Time) : GET /home.css
Tue Jan 08 2019 17:05:20 GMT+0530 (India Standard Time) : GET /football.jpg
Tue Jan 08 2019 17:05:35 GMT+0530 (India Standard Time) : GET /about
Tue Jan 08 2019 17:05:35 GMT+0530 (India Standard Time) : GET /about.css
Tue Jan 08 2019 17:10:25 GMT+0530 (India Standard Time) : GET /about
Tue Jan 08 2019 17:10:26 GMT+0530 (India Standard Time) : GET /about.css
Tue Jan 08 2019 17:13:05 GMT+0530 (India Standard Time) : GET /about
Tue Jan 08 2019 17:13:05 GMT+0530 (India Standard Time) : GET /about.css
Tue Jan 08 2019 17:30:37 GMT+0530 (India Standard Time) : GET /about
Tue Jan 08 2019 17:30:38 GMT+0530 (India Standard Time) : GET /about.css
Tue Jan 08 2019 17:30:38 GMT+0530 (India Standard Time) : GET /flag.png
Tue Jan 08 2019 17:32:18 GMT+0530 (India Standard Time) : GET /about
Tue Jan 08 2019 17:32:18 GMT+0530 (India Standard Time) : GET /about.css
Tue Jan 08 2019 17:32:18 GMT+0530 (India Standard Time) : GET /flag.png
Tue Jan 08 2019 17:34:09 GMT+0530 (India Standard Time) : GET /about
Tue Jan 08 2019 17:34:09 GMT+0530 (India Standard Time) : GET /about.css
Tue Jan 08 2019 17:34:09 GMT+0530 (India Standard Time) : GET /flag.png
Tue Jan 08 2019 17:35:56 GMT+0530 (India Standard Time) : GET /about
Tue Jan 08 2019 17:35:56 GMT+0530 (India Standard Time) : GET /about.css
Tue Jan 08 2019 17:35:56 GMT+0530 (India Standard Time) : GET /flag.png
Tue Jan 08 2019 17:38:44 GMT+0530 (India Standard Time) : GET /about
Tue Jan 08 2019 17:38:44 GMT+0530 (India Standard Time) : GET /about.css
Tue Jan 08 2019 17:38:44 GMT+0530 (India Standard Time) : GET /flag.png
Tue Jan 08 2019 17:40:12 GMT+0530 (India Standard Time) : GET /about
Tue Jan 08 2019 17:40:12 GMT+0530 (India Standard Time) : GET /about.css
Tue Jan 08 2019 17:40:12 GMT+0530 (India Standard Time) : GET /flag.png
Tue Jan 08 2019 17:45:46 GMT+0530 (India Standard Time) : GET /about
Tue Jan 08 2019 17:45:46 GMT+0530 (India Standard Time) : GET /about.css
Tue Jan 08 2019 17:45:46 GMT+0530 (India Standard Time) : GET /flag.png
Tue Jan 08 2019 17:46:21 GMT+0530 (India Standard Time) : GET /about
Tue Jan 08 2019 17:46:21 GMT+0530 (India Standard Time) : GET /about.css
Tue Jan 08 2019 17:46:21 GMT+0530 (India Standard Time) : GET /flag.png
Tue Jan 08 2019 17:48:01 GMT+0530 (India Standard Time) : GET /about
Tue Jan 08 2019 17:48:01 GMT+0530 (India Standard Time) : GET /about.css
Tue Jan 08 2019 17:48:01 GMT+0530 (India Standard Time) : GET /flag.png
Tue Jan 08 2019 18:05:00 GMT+0530 (India Standard Time) : GET /about
Tue Jan 08 2019 18:05:00 GMT+0530 (India Standard Time) : GET /about.css
Tue Jan 08 2019 18:05:00 GMT+0530 (India Standard Time) : GET /flag.png
Tue Jan 08 2019 18:05:53 GMT+0530 (India Standard Time) : GET /about
Tue Jan 08 2019 18:05:53 GMT+0530 (India Standard Time) : GET /about.css
Tue Jan 08 2019 18:05:53 GMT+0530 (India Standard Time) : GET /flag.png
Tue Jan 08 2019 18:07:13 GMT+0530 (India Standard Time) : GET /about
Tue Jan 08 2019 18:07:14 GMT+0530 (India Standard Time) : GET /about.css
Tue Jan 08 2019 18:07:14 GMT+0530 (India Standard Time) : GET /flag.png
Tue Jan 08 2019 18:08:22 GMT+0530 (India Standard Time) : GET /about
Tue Jan 08 2019 18:08:22 GMT+0530 (India Standard Time) : GET /about.css
Tue Jan 08 2019 18:08:22 GMT+0530 (India Standard Time) : GET /flag.png
Tue Jan 08 2019 18:09:39 GMT+0530 (India Standard Time) : GET /about
Tue Jan 08 2019 18:09:39 GMT+0530 (India Standard Time) : GET /about.css
Tue Jan 08 2019 18:09:39 GMT+0530 (India Standard Time) : GET /flag.png
Tue Jan 08 2019 18:14:22 GMT+0530 (India Standard Time) : GET /about
Tue Jan 08 2019 18:14:23 GMT+0530 (India Standard Time) : GET /about.css
Tue Jan 08 2019 18:14:23 GMT+0530 (India Standard Time) : GET /flag.png
Tue Jan 08 2019 18:14:54 GMT+0530 (India Standard Time) : GET /about
Tue Jan 08 2019 18:14:54 GMT+0530 (India Standard Time) : GET /about.css
Tue Jan 08 2019 18:14:54 GMT+0530 (India Standard Time) : GET /flag.png
Tue Jan 08 2019 18:16:19 GMT+0530 (India Standard Time) : GET /about
Tue Jan 08 2019 18:16:19 GMT+0530 (India Standard Time) : GET /about.css
Tue Jan 08 2019 18:16:19 GMT+0530 (India Standard Time) : GET /flag.png
Tue Jan 08 2019 18:17:02 GMT+0530 (India Standard Time) : GET /about
Tue Jan 08 2019 18:17:02 GMT+0530 (India Standard Time) : GET /about.css
Tue Jan 08 2019 18:17:02 GMT+0530 (India Standard Time) : GET /flag.png
Tue Jan 08 2019 18:17:33 GMT+0530 (India Standard Time) : GET /about
Tue Jan 08 2019 18:17:34 GMT+0530 (India Standard Time) : GET /about.css
Tue Jan 08 2019 18:17:34 GMT+0530 (India Standard Time) : GET /flag.png
Tue Jan 08 2019 18:20:31 GMT+0530 (India Standard Time) : GET /about
Tue Jan 08 2019 18:20:32 GMT+0530 (India Standard Time) : GET /about.css
Tue Jan 08 2019 18:20:32 GMT+0530 (India Standard Time) : GET /flag.png
Tue Jan 08 2019 18:22:39 GMT+0530 (India Standard Time) : GET /about
Tue Jan 08 2019 18:22:39 GMT+0530 (India Standard Time) : GET /about.css
Tue Jan 08 2019 18:22:39 GMT+0530 (India Standard Time) : GET /flag.png
Tue Jan 08 2019 18:24:48 GMT+0530 (India Standard Time) : GET /about
Tue Jan 08 2019 18:24:49 GMT+0530 (India Standard Time) : GET /about.css
Tue Jan 08 2019 18:24:49 GMT+0530 (India Standard Time) : GET /flag.png
Tue Jan 08 2019 22:24:44 GMT+0530 (India Standard Time) : GET /about
Tue Jan 08 2019 22:24:45 GMT+0530 (India Standard Time) : GET /about.css
Tue Jan 08 2019 22:24:45 GMT+0530 (India Standard Time) : GET /flag.png
Tue Jan 08 2019 22:25:29 GMT+0530 (India Standard Time) : GET /about
Tue Jan 08 2019 22:25:29 GMT+0530 (India Standard Time) : GET /about.css
Tue Jan 08 2019 22:25:29 GMT+0530 (India Standard Time) : GET /flag.png
Tue Jan 08 2019 22:25:31 GMT+0530 (India Standard Time) : GET /about
Tue Jan 08 2019 22:25:32 GMT+0530 (India Standard Time) : GET /about.css
Tue Jan 08 2019 22:25:32 GMT+0530 (India Standard Time) : GET /about
Tue Jan 08 2019 22:25:32 GMT+0530 (India Standard Time) : GET /about.css
Tue Jan 08 2019 22:44:08 GMT+0530 (India Standard Time) : GET /about
Tue Jan 08 2019 22:44:09 GMT+0530 (India Standard Time) : GET /about.css
Tue Jan 08 2019 22:44:09 GMT+0530 (India Standard Time) : GET /flag.png
Tue Jan 08 2019 22:44:32 GMT+0530 (India Standard Time) : GET /about2
Tue Jan 08 2019 22:50:11 GMT+0530 (India Standard Time) : GET /about
Tue Jan 08 2019 22:50:12 GMT+0530 (India Standard Time) : GET /about.css
Tue Jan 08 2019 22:50:12 GMT+0530 (India Standard Time) : GET /flag.png
Tue Jan 08 2019 22:50:30 GMT+0530 (India Standard Time) : GET /about
Tue Jan 08 2019 22:50:30 GMT+0530 (India Standard Time) : GET /about.css
Tue Jan 08 2019 22:50:30 GMT+0530 (India Standard Time) : GET /flag.png
Tue Jan 08 2019 22:51:11 GMT+0530 (India Standard Time) : GET /about
Tue Jan 08 2019 22:51:11 GMT+0530 (India Standard Time) : GET /about.css
Tue Jan 08 2019 22:51:11 GMT+0530 (India Standard Time) : GET /flag.png
Tue Jan 08 2019 22:51:35 GMT+0530 (India Standard Time) : GET /about
Tue Jan 08 2019 22:51:35 GMT+0530 (India Standard Time) : GET /about.css
Tue Jan 08 2019 22:51:35 GMT+0530 (India Standard Time) : GET /flag.png
Tue Jan 08 2019 22:56:59 GMT+0530 (India Standard Time) : GET /about
Tue Jan 08 2019 22:56:59 GMT+0530 (India Standard Time) : GET /about.css
Tue Jan 08 2019 22:57:00 GMT+0530 (India Standard Time) : GET /flag.png
Tue Jan 08 2019 23:00:33 GMT+0530 (India Standard Time) : GET /about
Tue Jan 08 2019 23:00:34 GMT+0530 (India Standard Time) : GET /about.css
Tue Jan 08 2019 23:00:34 GMT+0530 (India Standard Time) : GET /flag.png
Tue Jan 08 2019 23:01:18 GMT+0530 (India Standard Time) : GET /about2
Tue Jan 08 2019 23:03:24 GMT+0530 (India Standard Time) : GET /about
Tue Jan 08 2019 23:03:24 GMT+0530 (India Standard Time) : GET /about.css
Tue Jan 08 2019 23:03:24 GMT+0530 (India Standard Time) : GET /flag.png
Tue Jan 08 2019 23:10:00 GMT+0530 (India Standard Time) : GET /about
Tue Jan 08 2019 23:10:01 GMT+0530 (India Standard Time) : GET /about.css
Tue Jan 08 2019 23:10:01 GMT+0530 (India Standard Time) : GET /flag.png
Tue Jan 08 2019 23:11:52 GMT+0530 (India Standard Time) : GET /about
Tue Jan 08 2019 23:11:52 GMT+0530 (India Standard Time) : GET /about.css
Tue Jan 08 2019 23:11:52 GMT+0530 (India Standard Time) : GET /flag.png
Tue Jan 08 2019 23:15:20 GMT+0530 (India Standard Time) : GET /about
Tue Jan 08 2019 23:15:20 GMT+0530 (India Standard Time) : GET /about.css
Tue Jan 08 2019 23:15:20 GMT+0530 (India Standard Time) : GET /flag.png
Tue Jan 08 2019 23:18:52 GMT+0530 (India Standard Time) : GET /about
Tue Jan 08 2019 23:18:53 GMT+0530 (India Standard Time) : GET /about.css
Tue Jan 08 2019 23:18:53 GMT+0530 (India Standard Time) : GET /flag.png
Tue Jan 08 2019 23:37:57 GMT+0530 (India Standard Time) : GET /about
Tue Jan 08 2019 23:37:58 GMT+0530 (India Standard Time) : GET /about.css
Tue Jan 08 2019 23:37:58 GMT+0530 (India Standard Time) : GET /flag.png
Tue Jan 08 2019 23:45:41 GMT+0530 (India Standard Time) : GET /about
Tue Jan 08 2019 23:45:41 GMT+0530 (India Standard Time) : GET /about.css
Tue Jan 08 2019 23:45:42 GMT+0530 (India Standard Time) : GET /flag.png
Wed Jan 09 2019 13:05:10 GMT+0530 (India Standard Time) : GET /about
Wed Jan 09 2019 13:05:13 GMT+0530 (India Standard Time) : GET /about.css
Wed Jan 09 2019 13:05:14 GMT+0530 (India Standard Time) : GET /flag.png
Wed Jan 09 2019 13:05:16 GMT+0530 (India Standard Time) : GET /favicon.ico
Wed Jan 09 2019 13:06:29 GMT+0530 (India Standard Time) : GET /about
Wed Jan 09 2019 13:06:30 GMT+0530 (India Standard Time) : GET /about.css
Wed Jan 09 2019 13:06:30 GMT+0530 (India Standard Time) : GET /flag.png
Wed Jan 09 2019 13:10:58 GMT+0530 (India Standard Time) : GET /about
Wed Jan 09 2019 13:10:58 GMT+0530 (India Standard Time) : GET /about.css
Wed Jan 09 2019 13:10:58 GMT+0530 (India Standard Time) : GET /flag.png
Wed Jan 09 2019 13:13:37 GMT+0530 (India Standard Time) : GET /about
Wed Jan 09 2019 13:13:37 GMT+0530 (India Standard Time) : GET /about.css
Wed Jan 09 2019 13:13:37 GMT+0530 (India Standard Time) : GET /flag.png
Wed Jan 09 2019 13:17:53 GMT+0530 (India Standard Time) : GET /about
Wed Jan 09 2019 13:17:54 GMT+0530 (India Standard Time) : GET /about.css
Wed Jan 09 2019 13:17:54 GMT+0530 (India Standard Time) : GET /flag.png
Wed Jan 09 2019 13:19:29 GMT+0530 (India Standard Time) : GET /about
Wed Jan 09 2019 13:19:29 GMT+0530 (India Standard Time) : GET /about.css
Wed Jan 09 2019 13:19:29 GMT+0530 (India Standard Time) : GET /flag.png
Wed Jan 09 2019 13:20:02 GMT+0530 (India Standard Time) : GET /about
Wed Jan 09 2019 13:20:02 GMT+0530 (India Standard Time) : GET /about.css
Wed Jan 09 2019 13:20:02 GMT+0530 (India Standard Time) : GET /flag.png
Wed Jan 09 2019 13:20:29 GMT+0530 (India Standard Time) : GET /about
Wed Jan 09 2019 13:20:29 GMT+0530 (India Standard Time) : GET /about.css
Wed Jan 09 2019 13:20:29 GMT+0530 (India Standard Time) : GET /flag.png
Wed Jan 09 2019 13:21:10 GMT+0530 (India Standard Time) : GET /about
Wed Jan 09 2019 13:21:10 GMT+0530 (India Standard Time) : GET /about.css
Wed Jan 09 2019 13:21:10 GMT+0530 (India Standard Time) : GET /flag.png
Wed Jan 09 2019 13:22:38 GMT+0530 (India Standard Time) : GET /about
Wed Jan 09 2019 13:22:38 GMT+0530 (India Standard Time) : GET /about.css
Wed Jan 09 2019 13:22:38 GMT+0530 (India Standard Time) : GET /flag.png
Wed Jan 09 2019 13:33:05 GMT+0530 (India Standard Time) : GET /about
Wed Jan 09 2019 13:33:05 GMT+0530 (India Standard Time) : GET /flag.png
Wed Jan 09 2019 13:33:05 GMT+0530 (India Standard Time) : GET /about.css
Wed Jan 09 2019 13:44:15 GMT+0530 (India Standard Time) : GET /about
Wed Jan 09 2019 13:44:15 GMT+0530 (India Standard Time) : GET /flag.png
Wed Jan 09 2019 13:44:15 GMT+0530 (India Standard Time) : GET /about.css
Wed Jan 09 2019 13:45:58 GMT+0530 (India Standard Time) : GET /about
Wed Jan 09 2019 13:45:58 GMT+0530 (India Standard Time) : GET /about.css
Wed Jan 09 2019 13:45:58 GMT+0530 (India Standard Time) : GET /flag.png
Wed Jan 09 2019 13:46:49 GMT+0530 (India Standard Time) : GET /about
Wed Jan 09 2019 13:46:49 GMT+0530 (India Standard Time) : GET /about.css
Wed Jan 09 2019 13:46:49 GMT+0530 (India Standard Time) : GET /flag.png
Wed Jan 09 2019 13:49:40 GMT+0530 (India Standard Time) : GET /about
Wed Jan 09 2019 13:49:40 GMT+0530 (India Standard Time) : GET /about.css
Wed Jan 09 2019 13:49:40 GMT+0530 (India Standard Time) : GET /flag.png
Wed Jan 09 2019 13:51:27 GMT+0530 (India Standard Time) : GET /about
Wed Jan 09 2019 13:51:27 GMT+0530 (India Standard Time) : GET /about.css
Wed Jan 09 2019 13:51:27 GMT+0530 (India Standard Time) : GET /flag.png
Wed Jan 09 2019 13:52:15 GMT+0530 (India Standard Time) : GET /about
Wed Jan 09 2019 13:52:15 GMT+0530 (India Standard Time) : GET /about.css
Wed Jan 09 2019 13:52:15 GMT+0530 (India Standard Time) : GET /flag.png
Wed Jan 09 2019 13:53:20 GMT+0530 (India Standard Time) : GET /about
Wed Jan 09 2019 13:53:20 GMT+0530 (India Standard Time) : GET /about.css
Wed Jan 09 2019 13:53:20 GMT+0530 (India Standard Time) : GET /flag.png
Wed Jan 09 2019 14:14:37 GMT+0530 (India Standard Time) : GET /about
Wed Jan 09 2019 14:14:37 GMT+0530 (India Standard Time) : GET /about.css
Wed Jan 09 2019 14:14:37 GMT+0530 (India Standard Time) : GET /flag.png
Wed Jan 09 2019 14:15:07 GMT+0530 (India Standard Time) : GET /about
Wed Jan 09 2019 14:15:07 GMT+0530 (India Standard Time) : GET /about.css
Wed Jan 09 2019 14:15:07 GMT+0530 (India Standard Time) : GET /flag.png
Wed Jan 09 2019 14:16:03 GMT+0530 (India Standard Time) : GET /about
Wed Jan 09 2019 14:16:03 GMT+0530 (India Standard Time) : GET /about.css
Wed Jan 09 2019 14:16:03 GMT+0530 (India Standard Time) : GET /flag.png
Wed Jan 09 2019 14:27:38 GMT+0530 (India Standard Time) : GET /about
Wed Jan 09 2019 14:27:38 GMT+0530 (India Standard Time) : GET /about.css
Wed Jan 09 2019 14:27:39 GMT+0530 (India Standard Time) : GET /flag.png
Wed Jan 09 2019 14:30:14 GMT+0530 (India Standard Time) : GET /about
Wed Jan 09 2019 14:30:15 GMT+0530 (India Standard Time) : GET /about.css
Wed Jan 09 2019 14:30:15 GMT+0530 (India Standard Time) : GET /flag.png
Wed Jan 09 2019 14:31:35 GMT+0530 (India Standard Time) : GET /about
Wed Jan 09 2019 14:31:35 GMT+0530 (India Standard Time) : GET /about.css
Wed Jan 09 2019 14:31:35 GMT+0530 (India Standard Time) : GET /flag.png
Wed Jan 09 2019 14:33:12 GMT+0530 (India Standard Time) : GET /about
Wed Jan 09 2019 14:33:13 GMT+0530 (India Standard Time) : GET /about.css
Wed Jan 09 2019 14:33:13 GMT+0530 (India Standard Time) : GET /flag.png
Wed Jan 09 2019 14:35:55 GMT+0530 (India Standard Time) : GET /about
Wed Jan 09 2019 14:35:55 GMT+0530 (India Standard Time) : GET /about.css
Wed Jan 09 2019 14:35:55 GMT+0530 (India Standard Time) : GET /flag.png
Wed Jan 09 2019 14:36:41 GMT+0530 (India Standard Time) : GET /about
Wed Jan 09 2019 14:36:41 GMT+0530 (India Standard Time) : GET /about.css
Wed Jan 09 2019 14:36:41 GMT+0530 (India Standard Time) : GET /flag.png
Wed Jan 09 2019 14:37:02 GMT+0530 (India Standard Time) : GET /about
Wed Jan 09 2019 14:37:03 GMT+0530 (India Standard Time) : GET /about.css
Wed Jan 09 2019 14:37:03 GMT+0530 (India Standard Time) : GET /flag.png
Wed Jan 09 2019 14:37:48 GMT+0530 (India Standard Time) : GET /about
Wed Jan 09 2019 14:37:48 GMT+0530 (India Standard Time) : GET /about.css
Wed Jan 09 2019 14:37:48 GMT+0530 (India Standard Time) : GET /flag.png
Wed Jan 09 2019 14:51:02 GMT+0530 (India Standard Time) : GET /about
Wed Jan 09 2019 14:51:02 GMT+0530 (India Standard Time) : GET /about.css
Wed Jan 09 2019 14:51:02 GMT+0530 (India Standard Time) : GET /flag.png
Wed Jan 09 2019 14:56:18 GMT+0530 (India Standard Time) : GET /about
Wed Jan 09 2019 14:56:19 GMT+0530 (India Standard Time) : GET /about.css
Wed Jan 09 2019 14:56:19 GMT+0530 (India Standard Time) : GET /flag.png
Wed Jan 09 2019 15:01:02 GMT+0530 (India Standard Time) : GET /about
Wed Jan 09 2019 15:01:02 GMT+0530 (India Standard Time) : GET /about.css
Wed Jan 09 2019 15:01:02 GMT+0530 (India Standard Time) : GET /football.png
Wed Jan 09 2019 15:01:02 GMT+0530 (India Standard Time) : GET /flag.png
Wed Jan 09 2019 15:01:46 GMT+0530 (India Standard Time) : GET /about
Wed Jan 09 2019 15:01:46 GMT+0530 (India Standard Time) : GET /about.css
Wed Jan 09 2019 15:01:46 GMT+0530 (India Standard Time) : GET /background.jpg
Wed Jan 09 2019 15:01:46 GMT+0530 (India Standard Time) : GET /flag.png
Wed Jan 09 2019 15:02:32 GMT+0530 (India Standard Time) : GET /about
Wed Jan 09 2019 15:02:32 GMT+0530 (India Standard Time) : GET /about.css
Wed Jan 09 2019 15:02:32 GMT+0530 (India Standard Time) : GET /background.jpg
Wed Jan 09 2019 15:02:32 GMT+0530 (India Standard Time) : GET /flag.png
Wed Jan 09 2019 16:19:04 GMT+0530 (India Standard Time) : GET /about
Wed Jan 09 2019 16:19:04 GMT+0530 (India Standard Time) : GET /about.css
Wed Jan 09 2019 16:19:04 GMT+0530 (India Standard Time) : GET /background.jpg
Wed Jan 09 2019 16:19:04 GMT+0530 (India Standard Time) : GET /flag.png
Wed Jan 09 2019 16:21:56 GMT+0530 (India Standard Time) : GET /about
Wed Jan 09 2019 16:21:56 GMT+0530 (India Standard Time) : GET /about.css
Wed Jan 09 2019 16:21:56 GMT+0530 (India Standard Time) : GET /background.jpg
Wed Jan 09 2019 16:21:56 GMT+0530 (India Standard Time) : GET /flag.png
Wed Jan 09 2019 16:31:40 GMT+0530 (India Standard Time) : GET /about
Wed Jan 09 2019 16:31:40 GMT+0530 (India Standard Time) : GET /about.css
Wed Jan 09 2019 16:31:40 GMT+0530 (India Standard Time) : GET /background.jpg
Wed Jan 09 2019 16:31:40 GMT+0530 (India Standard Time) : GET /flag.png
Wed Jan 09 2019 16:31:40 GMT+0530 (India Standard Time) : GET /ileague.jpg
Wed Jan 09 2019 16:32:42 GMT+0530 (India Standard Time) : GET /about
Wed Jan 09 2019 16:32:42 GMT+0530 (India Standard Time) : GET /about.css
Wed Jan 09 2019 16:32:42 GMT+0530 (India Standard Time) : GET /background.jpg
Wed Jan 09 2019 16:32:42 GMT+0530 (India Standard Time) : GET /flag.png
Wed Jan 09 2019 16:32:42 GMT+0530 (India Standard Time) : GET /ileague.jpg
Wed Jan 09 2019 16:32:45 GMT+0530 (India Standard Time) : GET /about
Wed Jan 09 2019 16:32:45 GMT+0530 (India Standard Time) : GET /about.css
Wed Jan 09 2019 16:32:46 GMT+0530 (India Standard Time) : GET /about
Wed Jan 09 2019 16:32:46 GMT+0530 (India Standard Time) : GET /about.css
Wed Jan 09 2019 16:32:46 GMT+0530 (India Standard Time) : GET /about
Wed Jan 09 2019 16:32:46 GMT+0530 (India Standard Time) : GET /about.css
Wed Jan 09 2019 16:32:46 GMT+0530 (India Standard Time) : GET /about
Wed Jan 09 2019 16:32:46 GMT+0530 (India Standard Time) : GET /about.css
Wed Jan 09 2019 16:32:46 GMT+0530 (India Standard Time) : GET /about
Wed Jan 09 2019 16:32:46 GMT+0530 (India Standard Time) : GET /about.css
Wed Jan 09 2019 16:34:41 GMT+0530 (India Standard Time) : GET /about
Wed Jan 09 2019 16:34:41 GMT+0530 (India Standard Time) : GET /about.css
Wed Jan 09 2019 16:34:41 GMT+0530 (India Standard Time) : GET /background.jpg
Wed Jan 09 2019 16:34:41 GMT+0530 (India Standard Time) : GET /flag.png
Wed Jan 09 2019 16:34:41 GMT+0530 (India Standard Time) : GET /ileague.jpg
Wed Jan 09 2019 16:36:28 GMT+0530 (India Standard Time) : GET /about
Wed Jan 09 2019 16:36:28 GMT+0530 (India Standard Time) : GET /about.css
Wed Jan 09 2019 16:36:28 GMT+0530 (India Standard Time) : GET /background.jpg
Wed Jan 09 2019 16:36:28 GMT+0530 (India Standard Time) : GET /flag.png
Wed Jan 09 2019 16:36:28 GMT+0530 (India Standard Time) : GET /ileague.jpg
Wed Jan 09 2019 16:38:23 GMT+0530 (India Standard Time) : GET /about
Wed Jan 09 2019 16:38:23 GMT+0530 (India Standard Time) : GET /about.css
Wed Jan 09 2019 16:38:23 GMT+0530 (India Standard Time) : GET /background.jpg
Wed Jan 09 2019 16:38:23 GMT+0530 (India Standard Time) : GET /flag.png
Wed Jan 09 2019 16:38:23 GMT+0530 (India Standard Time) : GET /ileague.jpg
Wed Jan 09 2019 16:41:17 GMT+0530 (India Standard Time) : GET /about
Wed Jan 09 2019 16:41:17 GMT+0530 (India Standard Time) : GET /about.css
Wed Jan 09 2019 16:41:17 GMT+0530 (India Standard Time) : GET /background.jpg
Wed Jan 09 2019 16:41:17 GMT+0530 (India Standard Time) : GET /flag.png
Wed Jan 09 2019 16:41:17 GMT+0530 (India Standard Time) : GET /ileague.jpg
Wed Jan 09 2019 16:46:14 GMT+0530 (India Standard Time) : GET /about
Wed Jan 09 2019 16:46:14 GMT+0530 (India Standard Time) : GET /about.css
Wed Jan 09 2019 16:46:14 GMT+0530 (India Standard Time) : GET /ileague.jpg
Wed Jan 09 2019 16:46:14 GMT+0530 (India Standard Time) : GET /background.jpg
Wed Jan 09 2019 16:46:14 GMT+0530 (India Standard Time) : GET /flag.png
Wed Jan 09 2019 16:55:38 GMT+0530 (India Standard Time) : GET /about
Wed Jan 09 2019 16:55:38 GMT+0530 (India Standard Time) : GET /about.css
Wed Jan 09 2019 16:55:38 GMT+0530 (India Standard Time) : GET /ileague.jpg
Wed Jan 09 2019 16:55:38 GMT+0530 (India Standard Time) : GET /background.jpg
Wed Jan 09 2019 16:55:38 GMT+0530 (India Standard Time) : GET /flag.png
Wed Jan 09 2019 16:57:56 GMT+0530 (India Standard Time) : GET /about
Wed Jan 09 2019 16:57:56 GMT+0530 (India Standard Time) : GET /about.css
Wed Jan 09 2019 16:57:56 GMT+0530 (India Standard Time) : GET /images/ileague.jpg
Wed Jan 09 2019 16:57:57 GMT+0530 (India Standard Time) : GET /background.jpg
Wed Jan 09 2019 16:57:57 GMT+0530 (India Standard Time) : GET /flag.png
Wed Jan 09 2019 17:06:19 GMT+0530 (India Standard Time) : GET /about
Wed Jan 09 2019 17:06:19 GMT+0530 (India Standard Time) : GET /about.css
Wed Jan 09 2019 17:06:19 GMT+0530 (India Standard Time) : GET /images/ileague.jpg
Wed Jan 09 2019 17:06:19 GMT+0530 (India Standard Time) : GET /background.jpg
Wed Jan 09 2019 17:06:19 GMT+0530 (India Standard Time) : GET /flag.png
Wed Jan 09 2019 17:06:23 GMT+0530 (India Standard Time) : GET /about
Wed Jan 09 2019 17:06:23 GMT+0530 (India Standard Time) : GET /images/ileague.jpg
Wed Jan 09 2019 17:06:23 GMT+0530 (India Standard Time) : GET /about.css
Wed Jan 09 2019 17:07:01 GMT+0530 (India Standard Time) : GET /about
Wed Jan 09 2019 17:07:01 GMT+0530 (India Standard Time) : GET /about.css
Wed Jan 09 2019 17:07:01 GMT+0530 (India Standard Time) : GET /ileague.jpg
Wed Jan 09 2019 17:20:09 GMT+0530 (India Standard Time) : GET /about
Wed Jan 09 2019 17:20:09 GMT+0530 (India Standard Time) : GET /about.css
Wed Jan 09 2019 17:20:09 GMT+0530 (India Standard Time) : GET /images/ileague.jpg
Wed Jan 09 2019 17:22:20 GMT+0530 (India Standard Time) : GET /about
Wed Jan 09 2019 17:22:20 GMT+0530 (India Standard Time) : GET /about.css
Wed Jan 09 2019 17:22:20 GMT+0530 (India Standard Time) : GET /images/ileague.jpg
Wed Jan 09 2019 17:22:48 GMT+0530 (India Standard Time) : GET /about
Wed Jan 09 2019 17:22:48 GMT+0530 (India Standard Time) : GET /about.css
Wed Jan 09 2019 17:22:49 GMT+0530 (India Standard Time) : GET /images/sports.jpg
Wed Jan 09 2019 17:33:15 GMT+0530 (India Standard Time) : GET /about
Wed Jan 09 2019 17:33:15 GMT+0530 (India Standard Time) : GET /about.css
Wed Jan 09 2019 17:33:15 GMT+0530 (India Standard Time) : GET /background.jpg
Wed Jan 09 2019 17:33:15 GMT+0530 (India Standard Time) : GET /flag.png
Wed Jan 09 2019 17:33:15 GMT+0530 (India Standard Time) : GET /ileague.jpg
Wed Jan 09 2019 17:34:10 GMT+0530 (India Standard Time) : GET /about
Wed Jan 09 2019 17:34:10 GMT+0530 (India Standard Time) : GET /about.css
Wed Jan 09 2019 17:34:10 GMT+0530 (India Standard Time) : GET /background.jpg
Wed Jan 09 2019 17:34:10 GMT+0530 (India Standard Time) : GET /flag.png
Wed Jan 09 2019 17:34:10 GMT+0530 (India Standard Time) : GET /ileague.jpg
Wed Jan 09 2019 17:35:01 GMT+0530 (India Standard Time) : GET /about
Wed Jan 09 2019 17:35:01 GMT+0530 (India Standard Time) : GET /about.css
Wed Jan 09 2019 17:35:01 GMT+0530 (India Standard Time) : GET /background.jpg
Wed Jan 09 2019 17:35:01 GMT+0530 (India Standard Time) : GET /flag.png
Wed Jan 09 2019 17:35:01 GMT+0530 (India Standard Time) : GET /ileague.jpg
Wed Jan 09 2019 17:35:55 GMT+0530 (India Standard Time) : GET /about
Wed Jan 09 2019 17:35:55 GMT+0530 (India Standard Time) : GET /about.css
Wed Jan 09 2019 17:35:55 GMT+0530 (India Standard Time) : GET /background.jpg
Wed Jan 09 2019 17:35:55 GMT+0530 (India Standard Time) : GET /flag.png
Wed Jan 09 2019 17:35:55 GMT+0530 (India Standard Time) : GET /ileague.jpg
Wed Jan 09 2019 17:36:28 GMT+0530 (India Standard Time) : GET /about
Wed Jan 09 2019 17:36:28 GMT+0530 (India Standard Time) : GET /about.css
Wed Jan 09 2019 17:36:28 GMT+0530 (India Standard Time) : GET /background.jpg
Wed Jan 09 2019 17:36:28 GMT+0530 (India Standard Time) : GET /flag.png
Wed Jan 09 2019 17:36:28 GMT+0530 (India Standard Time) : GET /ileague.jpg
Wed Jan 09 2019 17:36:53 GMT+0530 (India Standard Time) : GET /about
Wed Jan 09 2019 17:36:53 GMT+0530 (India Standard Time) : GET /about.css
Wed Jan 09 2019 17:36:53 GMT+0530 (India Standard Time) : GET /background.jpg
Wed Jan 09 2019 17:36:53 GMT+0530 (India Standard Time) : GET /flag.png
Wed Jan 09 2019 17:36:53 GMT+0530 (India Standard Time) : GET /ileague.jpg
Wed Jan 09 2019 17:37:13 GMT+0530 (India Standard Time) : GET /about
Wed Jan 09 2019 17:37:13 GMT+0530 (India Standard Time) : GET /about.css
Wed Jan 09 2019 17:37:13 GMT+0530 (India Standard Time) : GET /background.jpg
Wed Jan 09 2019 17:37:13 GMT+0530 (India Standard Time) : GET /flag.png
Wed Jan 09 2019 17:37:13 GMT+0530 (India Standard Time) : GET /ileague.jpg
Wed Jan 09 2019 17:37:32 GMT+0530 (India Standard Time) : GET /about
Wed Jan 09 2019 17:37:32 GMT+0530 (India Standard Time) : GET /about.css
Wed Jan 09 2019 17:37:32 GMT+0530 (India Standard Time) : GET /background.jpg
Wed Jan 09 2019 17:37:32 GMT+0530 (India Standard Time) : GET /flag.png
Wed Jan 09 2019 17:37:33 GMT+0530 (India Standard Time) : GET /ileague.jpg
Wed Jan 09 2019 17:37:48 GMT+0530 (India Standard Time) : GET /about
Wed Jan 09 2019 17:37:48 GMT+0530 (India Standard Time) : GET /about.css
Wed Jan 09 2019 17:37:48 GMT+0530 (India Standard Time) : GET /background.jpg
Wed Jan 09 2019 17:37:48 GMT+0530 (India Standard Time) : GET /flag.png
Wed Jan 09 2019 17:37:48 GMT+0530 (India Standard Time) : GET /ileague.jpg
Wed Jan 09 2019 17:38:07 GMT+0530 (India Standard Time) : GET /about
Wed Jan 09 2019 17:38:07 GMT+0530 (India Standard Time) : GET /about.css
Wed Jan 09 2019 17:38:07 GMT+0530 (India Standard Time) : GET /background.jpg
Wed Jan 09 2019 17:38:07 GMT+0530 (India Standard Time) : GET /flag.png
Wed Jan 09 2019 17:38:07 GMT+0530 (India Standard Time) : GET /ileague.jpg
Wed Jan 09 2019 17:38:51 GMT+0530 (India Standard Time) : GET /about
Wed Jan 09 2019 17:38:51 GMT+0530 (India Standard Time) : GET /about.css
Wed Jan 09 2019 17:38:51 GMT+0530 (India Standard Time) : GET /background.jpg
Wed Jan 09 2019 17:38:51 GMT+0530 (India Standard Time) : GET /flag.png
Wed Jan 09 2019 17:38:51 GMT+0530 (India Standard Time) : GET /ileague.jpg
Wed Jan 09 2019 17:39:32 GMT+0530 (India Standard Time) : GET /about
Wed Jan 09 2019 17:39:32 GMT+0530 (India Standard Time) : GET /about.css
Wed Jan 09 2019 17:39:32 GMT+0530 (India Standard Time) : GET /background.jpg
Wed Jan 09 2019 17:39:32 GMT+0530 (India Standard Time) : GET /flag.png
Wed Jan 09 2019 17:39:32 GMT+0530 (India Standard Time) : GET /ileague.jpg
Wed Jan 09 2019 17:40:17 GMT+0530 (India Standard Time) : GET /about
Wed Jan 09 2019 17:40:17 GMT+0530 (India Standard Time) : GET /about.css
Wed Jan 09 2019 17:40:17 GMT+0530 (India Standard Time) : GET /background.jpg
Wed Jan 09 2019 17:40:17 GMT+0530 (India Standard Time) : GET /flag.png
Wed Jan 09 2019 17:40:17 GMT+0530 (India Standard Time) : GET /ileague.jpg
Wed Jan 09 2019 17:41:03 GMT+0530 (India Standard Time) : GET /about
Wed Jan 09 2019 17:41:03 GMT+0530 (India Standard Time) : GET /about.css
Wed Jan 09 2019 17:41:03 GMT+0530 (India Standard Time) : GET /background.jpg
Wed Jan 09 2019 17:41:03 GMT+0530 (India Standard Time) : GET /flag.png
Wed Jan 09 2019 17:41:03 GMT+0530 (India Standard Time) : GET /ileague.jpg
